<?xml version="1.0" encoding="UTF-8"?>
<!-- Generated by org.testng.reporters.JUnitReportReporter -->
<testsuite hostname="LAPTOP-55U1L3LS" failures="0" tests="1" name="com.qa.keyword.test.Logintest" time="7.295" errors="0" timestamp="2023-02-20T10:55:52 IST" skipped="0">
  <testcase classname="com.qa.keyword.test.Logintest" name="loginTest" time="7.295"/>
  <system-out/>
</testsuite> <!-- com.qa.keyword.test.Logintest -->
